Oracle SQL Developer Data Modeler 24.3.1.351.0831
Oracle SQL Developer Data Modeler Import Log
Date and Time: 2025-01-04 20:36:28 GMT+02:00
Design Name: departments
RDBMS : Oracle Database 21c

		All Statements: 		93
		Imported Statements: 	49
		Failed Statements: 		0
		Not Recognized Statements: 	44

<<<<< Not Recognized >>>>>
SET DEFINE OFF

Insert into BD158.DEPARTMENTS (DEPARTMENT_ID,DEPARTMENT_NAME,LOCATION,ROUTE_ID) values (1,'Logistica','Bucuresti',1)

Insert into BD158.DEPARTMENTS (DEPARTMENT_ID,DEPARTMENT_NAME,LOCATION,ROUTE_ID) values (2,'Transporturi','Cluj-Napoca',2)

Insert into BD158.DEPARTMENTS (DEPARTMENT_ID,DEPARTMENT_NAME,LOCATION,ROUTE_ID) values (3,'Intretinere','Timisoara',3)

Insert into BD158.DEPARTMENTS (DEPARTMENT_ID,DEPARTMENT_NAME,LOCATION,ROUTE_ID) values (4,'Planificare','Iasi',4)

Insert into BD158.DEPARTMENTS (DEPARTMENT_ID,DEPARTMENT_NAME,LOCATION,ROUTE_ID) values (5,'Contabilitate','Brasov',5)

Insert into BD158.DEPARTMENTS (DEPARTMENT_ID,DEPARTMENT_NAME,LOCATION,ROUTE_ID) values (6,'IT','București',null)

Insert into BD158.DEPARTMENTS (DEPARTMENT_ID,DEPARTMENT_NAME,LOCATION,ROUTE_ID) values (7,'Transport','București',null)

SET DEFINE OFF

Insert into BD158.DRIVERS (DRIVER_ID,NAME,LICENSE_NUMBER,STATUS,ACTIONS) values (1,'Ion Popescu','B12345678',0,0)

Insert into BD158.DRIVERS (DRIVER_ID,NAME,LICENSE_NUMBER,STATUS,ACTIONS) values (2,'Maria Ionescu','C87654321',0,0)

Insert into BD158.DRIVERS (DRIVER_ID,NAME,LICENSE_NUMBER,STATUS,ACTIONS) values (3,'Vasile Dumitrescu','D12398745',0,0)

Insert into BD158.DRIVERS (DRIVER_ID,NAME,LICENSE_NUMBER,STATUS,ACTIONS) values (4,'Elena Georgescu','E87612390',0,0)

Insert into BD158.DRIVERS (DRIVER_ID,NAME,LICENSE_NUMBER,STATUS,ACTIONS) values (5,'Cristian Marinescu','F90876543',0,0)

Insert into BD158.DRIVERS (DRIVER_ID,NAME,LICENSE_NUMBER,STATUS,ACTIONS) values (6,'Ion Popescu','AB123456',0,0)

Insert into BD158.DRIVERS (DRIVER_ID,NAME,LICENSE_NUMBER,STATUS,ACTIONS) values (7,'Alexandru Vasile','EF789012',0,0)

SET DEFINE OFF

Insert into BD158.MAINTENANCE (MAINTENANCE_ID,VEHICLE_ID,MAINTENANCE_DATE) values (1,1,to_date('10-MAY-23','DD-MON-RR'))

Insert into BD158.MAINTENANCE (MAINTENANCE_ID,VEHICLE_ID,MAINTENANCE_DATE) values (2,2,to_date('12-JUN-23','DD-MON-RR'))

Insert into BD158.MAINTENANCE (MAINTENANCE_ID,VEHICLE_ID,MAINTENANCE_DATE) values (3,3,to_date('15-JUL-23','DD-MON-RR'))

Insert into BD158.MAINTENANCE (MAINTENANCE_ID,VEHICLE_ID,MAINTENANCE_DATE) values (4,4,to_date('20-AUG-23','DD-MON-RR'))

Insert into BD158.MAINTENANCE (MAINTENANCE_ID,VEHICLE_ID,MAINTENANCE_DATE) values (5,5,to_date('25-SEP-23','DD-MON-RR'))

Insert into BD158.MAINTENANCE (MAINTENANCE_ID,VEHICLE_ID,MAINTENANCE_DATE) values (6,1,to_date('05-JAN-25','DD-MON-RR'))

SET DEFINE OFF

Insert into BD158.PAYMENTS (PAYMENT_ID,DRIVER_ID,AMOUNT,PAYMENT_DATE) values (1,1,2500,to_date('01-OCT-23','DD-MON-RR'))

Insert into BD158.PAYMENTS (PAYMENT_ID,DRIVER_ID,AMOUNT,PAYMENT_DATE) values (2,2,2700,to_date('05-OCT-23','DD-MON-RR'))

Insert into BD158.PAYMENTS (PAYMENT_ID,DRIVER_ID,AMOUNT,PAYMENT_DATE) values (3,3,2400,to_date('10-OCT-23','DD-MON-RR'))

Insert into BD158.PAYMENTS (PAYMENT_ID,DRIVER_ID,AMOUNT,PAYMENT_DATE) values (4,4,2600,to_date('15-OCT-23','DD-MON-RR'))

Insert into BD158.PAYMENTS (PAYMENT_ID,DRIVER_ID,AMOUNT,PAYMENT_DATE) values (5,5,2550,to_date('20-OCT-23','DD-MON-RR'))

Insert into BD158.PAYMENTS (PAYMENT_ID,DRIVER_ID,AMOUNT,PAYMENT_DATE) values (6,1,1500,to_date('01-JAN-25','DD-MON-RR'))

SET DEFINE OFF

Insert into BD158.ROUTES (ROUTE_ID,START_LOCATION,END_LOCATION,DISTANCE) values (1,'Bucuresti','Constanta',225)

Insert into BD158.ROUTES (ROUTE_ID,START_LOCATION,END_LOCATION,DISTANCE) values (2,'Cluj-Napoca','Oradea',152)

Insert into BD158.ROUTES (ROUTE_ID,START_LOCATION,END_LOCATION,DISTANCE) values (3,'Timisoara','Arad',50)

Insert into BD158.ROUTES (ROUTE_ID,START_LOCATION,END_LOCATION,DISTANCE) values (4,'Iasi','Suceava',135)

Insert into BD158.ROUTES (ROUTE_ID,START_LOCATION,END_LOCATION,DISTANCE) values (5,'Brasov','Sibiu',142)

Insert into BD158.ROUTES (ROUTE_ID,START_LOCATION,END_LOCATION,DISTANCE) values (6,'București','Cluj',500)

Insert into BD158.ROUTES (ROUTE_ID,START_LOCATION,END_LOCATION,DISTANCE) values (7,'București','Brașov',150)

SET DEFINE OFF

Insert into BD158.VEHICLES (VEHICLE_ID,MAKE,MODEL,YEAR,VIN,LOCATION) values (1,'Mercedes-Benz','Actros',2020,'WDB9301012L123456','București')

Insert into BD158.VEHICLES (VEHICLE_ID,MAKE,MODEL,YEAR,VIN,LOCATION) values (2,'Volvo','FH16',2019,'YV2XSN0B8MA123456','Cluj-Napoca')

Insert into BD158.VEHICLES (VEHICLE_ID,MAKE,MODEL,YEAR,VIN,LOCATION) values (3,'Scania','R500',2021,'YS2R4X20005412345','Timișoara')

Insert into BD158.VEHICLES (VEHICLE_ID,MAKE,MODEL,YEAR,VIN,LOCATION) values (4,'MAN','TGX',2022,'WMA05XZZ0DP123456','Brașov')

Insert into BD158.VEHICLES (VEHICLE_ID,MAKE,MODEL,YEAR,VIN,LOCATION) values (5,'DAF','XF105',2020,'XLRTE47MS0E123456','Iași')

